<?xml version="1.0" encoding="UTF-8"?>
<!-- Generated by org.testng.reporters.JUnitReportReporter -->
<testsuite hostname="IM-RT-LP-895" failures="0" tests="1" name="P.Demoblaze.PURCHASE" time="28.719" errors="0" timestamp="2023-08-17T11:09:43 IST" skipped="0">
  <testcase classname="P.Demoblaze.PURCHASE" name="Purchase" time="28.719"/>
  <system-out/>
</testsuite> <!-- P.Demoblaze.PURCHASE -->
