<?xml version="1.0" encoding="UTF-8"?>
<!-- Generated by org.testng.reporters.JUnitReportReporter -->
<testsuite hostname="IM-RT-LP-895" failures="0" tests="1" name="P.Demoblaze.Sign" time="16.844" errors="0" timestamp="2023-08-18T22:05:50 IST" skipped="0">
  <testcase classname="P.Demoblaze.Sign" name="Sig" time="16.844"/>
  <system-out/>
</testsuite> <!-- P.Demoblaze.Sign -->
