<?xml version="1.0" encoding="UTF-8"?>
<!-- Generated by org.testng.reporters.JUnitReportReporter -->
<testsuite hostname="IM-RT-LP-895" failures="0" tests="1" name="P.Demoblaze.LOGIN" time="19.127" errors="0" timestamp="2023-08-18T22:04:54 IST" skipped="0">
  <testcase classname="P.Demoblaze.LOGIN" name="LOGIN" time="19.127"/>
  <system-out/>
</testsuite> <!-- P.Demoblaze.LOGIN -->
